# ******  Create3-WaLi life.log  ******* 
# ** First "life" 2023-12-11 
2023-12-13 12:13|wali_node.py| ** WaLI node started **
2023-12-13 12:19|wali_node.py| ** WaLI node started **
2023-12-13 12:20|wali_node.py| ** WaLI Undocking: success at battery 100% **
2023-12-13 12:57|[logMaintenance.py.main]** CPU usage: max 90 [%] mean 67 [%] RAM usage: 29/59 [MB] **
2023-12-13 13:14|[logMaintenance.py.main]** undocked pose: x: 0.109  y: 0.002  oz: -0.0228 (-1 deg) **
2023-12-13 13:57|[logMaintenance.py.main]** Create3 Idle 3.4W 34C **
2023-12-13 17:15|[logMaintenance.py.main]** Create3 Idle 3.4W 14.48v 43% **
2023-12-13 19:44|wali_node.py| ** WaLI Docking: success at battery 14% **
2023-12-13 21:21|wali_node.py| ** WaLI Undocking: success at battery 100% **
2023-12-14 05:02|wali_node.py| ** WaLI Docking: success at battery 14% **
2023-12-14 06:40|wali_node.py| ** WaLI Undocking: success at battery 100% **
2023-12-14 14:21|wali_node.py| ** WaLI Docking: success at battery 14% **
2023-12-14 15:59|wali_node.py| ** WaLI Undocking: success at battery 100% **
2023-12-14 23:38|wali_node.py| ** WaLI Docking: success at battery 14% **
2023-12-15 01:16|wali_node.py| ** WaLI Undocking: success at battery 100% **
2023-12-15 08:56|wali_node.py| ** WaLI Docking: success at battery 14% **
2023-12-15 10:34|wali_node.py| ** WaLI Undocking: success at battery 100% **
2023-12-15 17:30|[logMaintenance.py.main]** kidnapped while cleaning house **
2023-12-15 18:13|wali_node.py| ** WaLI Docking: success at battery 14% **
2023-12-15 18:26|[logMaintenance.py.main]** Stopped Wali_node on dock to change dock lower limit for testing **
2023-12-15 18:28|[logMaintenance.py.main]** Testing Wali_node with 10% dock-now lower-limit **
2023-12-15 18:36|wali_node.py| ** WaLI node started - Dock below 10% **
2023-12-15 19:51|wali_node.py| ** WaLI Undocking: success at battery 100% **
2023-12-15 22:32|[logMaintenance.py.main]** wali_node stopped **
2023-12-15 22:33|vel_pwr_test.py| ** vel_pwr_test started **
2023-12-15 22:36|vel_pwr_test.py| ** vel_pwr_test started **
2023-12-15 22:38|vel_pwr_test.py| ** vel_pwr_test started **
2023-12-15 22:44|vel_pwr_test.py| ** vel_pwr_test started **
2023-12-15 22:52|vel_pwr_test.py| ** vel_pwr_test started **
2023-12-15 23:11|wali_node.py| ** WaLI node started - Dock below 10% **
2023-12-16 03:37|wali_node.py| ** WaLI Docking: success at battery 8% **
2023-12-16 05:16|wali_node.py| ** WaLI Undocking: success at battery 100% **
2023-12-16 11:54|[logMaintenance.py.main]** performed several nav to pos, reset pose **
2023-12-16 12:46|[logMaintenance.py.main]** flashing red 10.9% **
2023-12-16 12:52|wali_node.py| ** WaLI Docking: success at battery 9% **
2023-12-16 14:30|wali_node.py| ** WaLI Undocking: success at battery 100% **
2023-12-16 14:54|[logMaintenance.py.main]** Shutdown for USB Hub Installation **
2023-12-16 17:34|wali_node.py| ** WaLI node started - Dock below 15% **
2023-12-16 17:35|wali_node.py| ** WaLI Undocking: success at battery 100% **
2023-12-16 20:45|wali_node.py| ** WaLI Ready To Dock at battery 17% **
2023-12-16 20:52|wali_node.py| ** WaLI Docking: success at battery 14% **
2023-12-16 21:05|wali_node.py| ** WaLI node started - Dock below 15% **
2023-12-16 23:01|wali_node.py| ** WaLI Undocking: success at battery 100% **
2023-12-17 02:04|wali_node.py| ** WaLI Ready To Dock at battery 17% **
2023-12-17 02:10|wali_node.py| ** WaLI Docking: success at battery 14% **
2023-12-17 04:16|wali_node.py| ** WaLI Undocking: success at battery 100% **
2023-12-17 07:19|wali_node.py| ** WaLI Ready To Dock at battery 17% **
2023-12-17 07:26|wali_node.py| ** WaLI Docking: success at battery 14% **
2023-12-17 09:25|wali_node.py| ** WaLI Undocking: success at battery 100% **
2023-12-17 09:40|[logMaintenance.py.main]** Reset Pose 0,0 0deg **
2023-12-17 13:14|wali_node.py| ** WaLI Ready To Dock at battery 17% **
2023-12-17 13:20|wali_node.py| ** WaLI Docking: success at battery 14% **
2023-12-17 15:27|wali_node.py| ** WaLI Undocking: success at battery 100% **
2023-12-17 18:31|wali_node.py| ** WaLI Ready To Dock at battery 17% **
2023-12-17 18:38|wali_node.py| ** WaLI Docking: success at battery 14% **
2023-12-17 20:44|wali_node.py| ** WaLI Undocking: success at battery 100% **
2023-12-17 23:46|wali_node.py| ** WaLI Ready To Dock at battery 17% **
2023-12-17 23:52|wali_node.py| ** WaLI Docking: success at battery 14% **
2023-12-18 01:38|wali_node.py| ** WaLI Undocking: success at battery 100% **
2023-12-18 07:23|wali_node.py| ** WaLI Ready To Dock at battery 17% **
2023-12-18 07:35|wali_node.py| ** WaLI Docking: success at battery 14% **
2023-12-18 09:11|wali_node.py| ** WaLI Undocking: success at battery 100% **
2023-12-18 09:30|[logMaintenance.py.main]** ran pi5 load test **
2023-12-18 12:07|wali_node.py| ** WaLI Ready To Dock at battery 17% **
2023-12-18 12:13|wali_node.py| ** WaLI Docking: success at battery 14% **
2023-12-18 12:14|[logMaintenance.py.main]** Pi5 running with Oak-D-Lite and speaker on Pi5: 3.4W idle 9.5W running depthai_demo **
2023-12-18 14:23|wali_node.py| ** WaLI Undocking: success at battery 100% **
2023-12-18 17:25|wali_node.py| ** WaLI Ready To Dock at battery 17% **
2023-12-18 17:31|wali_node.py| ** WaLI Docking: success at battery 14% **
2023-12-18 19:43|wali_node.py| ** WaLI Undocking: success at battery 100% **
2023-12-18 22:48|wali_node.py| ** WaLI node started - Dock below 15% **
2023-12-19 00:32|[logMaintenance.py.main]** Switching To ROS 2 Humble **
